2019-03-24 12:44:25.827  INFO 17500 --- [main] com.wjx.demo.DemoApplicationTests        : Starting DemoApplicationTests on qianxunmoyu with PID 17500 (started by Administrator in C:\Users\Administrator\Desktop\proj\CourseSystem)
2019-03-24 12:44:25.840  INFO 17500 --- [main] com.wjx.demo.DemoApplicationTests        : The following profiles are active: prod
2019-03-24 12:44:25.972  INFO 17500 --- [main] o.s.w.c.s.GenericWebApplicationContext   : Refreshing org.springframework.web.context.support.GenericWebApplicationContext@6aa61224: startup date [Sun Mar 24 12:44:25 CST 2019]; root of context hierarchy
2019-03-24 12:44:29.064  INFO 17500 --- [main] .s.d.r.c.RepositoryConfigurationDelegate : Multiple Spring Data modules found, entering strict repository configuration mode!
2019-03-24 12:44:30.457  INFO 17500 --- [main] trationDelegate$BeanPostProcessorChecker : Bean 'org.springframework.transaction.annotation.ProxyTransactionManagementConfiguration' of type [org.springframework.transaction.annotation.ProxyTransactionManagementConfiguration$$EnhancerBySpringCGLIB$$9496d901] is not eligible for getting processed by all BeanPostProcessors (for example: not eligible for auto-proxying)
2019-03-24 12:44:31.417  INFO 17500 --- [main] c.a.d.s.b.a.DruidDataSourceAutoConfigure : Init DruidDataSource
2019-03-24 12:44:31.974  INFO 17500 --- [main] com.alibaba.druid.pool.DruidDataSource   : {dataSource-1} inited
2019-03-24 12:44:34.737  INFO 17500 --- [main] s.w.s.m.m.a.RequestMappingHandlerMapping : Mapped "{[/course],methods=[PUT]}" onto public org.springframework.http.ResponseEntity<?> com.wjx.web.common.BaseController.put(T)
2019-03-24 12:44:34.741  INFO 17500 --- [main] s.w.s.m.m.a.RequestMappingHandlerMapping : Mapped "{[/course],methods=[DELETE]}" onto public org.springframework.http.ResponseEntity<?> com.wjx.web.common.BaseController.delete(com.wjx.web.common.QueryParameter[])
2019-03-24 12:44:34.755  INFO 17500 --- [main] s.w.s.m.m.a.RequestMappingHandlerMapping : Mapped "{[/course/{id}],methods=[DELETE]}" onto public org.springframework.http.ResponseEntity<?> com.wjx.web.common.BaseController.delete(java.lang.Long)
2019-03-24 12:44:34.757  INFO 17500 --- [main] s.w.s.m.m.a.RequestMappingHandlerMapping : Mapped "{[/course/top/{number}],methods=[POST]}" onto public org.springframework.http.ResponseEntity<?> com.wjx.web.common.BaseController.search(com.wjx.web.common.QueryParameter[],int) throws java.lang.Exception
2019-03-24 12:44:34.774  INFO 17500 --- [main] s.w.s.m.m.a.RequestMappingHandlerMapping : Mapped "{[/course/all/{page}],methods=[POST]}" onto public org.springframework.http.ResponseEntity<?> com.wjx.web.common.BaseController.search(com.wjx.web.common.QueryParameter[],java.lang.String,int) throws java.lang.Exception
2019-03-24 12:44:34.775  INFO 17500 --- [main] s.w.s.m.m.a.RequestMappingHandlerMapping : Mapped "{[/course/all/{page}],methods=[GET]}" onto public org.springframework.http.ResponseEntity<?> com.wjx.web.common.BaseController.search(java.lang.String,java.lang.String,java.lang.String,int) throws java.lang.Exception
2019-03-24 12:44:34.824  INFO 17500 --- [main] s.w.s.m.m.a.RequestMappingHandlerMapping : Mapped "{[/course],methods=[GET]}" onto public org.springframework.http.ResponseEntity<?> com.wjx.web.common.BaseController.selectById(java.lang.Long)
2019-03-24 12:44:34.835  INFO 17500 --- [main] s.w.s.m.m.a.RequestMappingHandlerMapping : Mapped "{[/course/all],methods=[DELETE]}" onto public org.springframework.http.ResponseEntity<?> com.wjx.web.common.BaseController.deleteAll()
2019-03-24 12:44:34.836  INFO 17500 --- [main] s.w.s.m.m.a.RequestMappingHandlerMapping : Mapped "{[/course/list],methods=[POST]}" onto public org.springframework.http.ResponseEntity<?> com.wjx.web.common.BaseController.post(java.util.List<T>)
2019-03-24 12:44:34.838  INFO 17500 --- [main] s.w.s.m.m.a.RequestMappingHandlerMapping : Mapped "{[/course],methods=[POST]}" onto public org.springframework.http.ResponseEntity<?> com.wjx.web.common.BaseController.post(T)
2019-03-24 12:44:34.870  INFO 17500 --- [main] s.w.s.m.m.a.RequestMappingHandlerMapping : Mapped "{[/hadChoose],methods=[PUT]}" onto public org.springframework.http.ResponseEntity<?> com.wjx.web.common.BaseController.put(T)
2019-03-24 12:44:34.872  INFO 17500 --- [main] s.w.s.m.m.a.RequestMappingHandlerMapping : Mapped "{[/hadChoose],methods=[DELETE]}" onto public org.springframework.http.ResponseEntity<?> com.wjx.web.common.BaseController.delete(com.wjx.web.common.QueryParameter[])
2019-03-24 12:44:34.874  INFO 17500 --- [main] s.w.s.m.m.a.RequestMappingHandlerMapping : Mapped "{[/hadChoose/{id}],methods=[DELETE]}" onto public org.springframework.http.ResponseEntity<?> com.wjx.web.common.BaseController.delete(java.lang.Long)
2019-03-24 12:44:34.875  INFO 17500 --- [main] s.w.s.m.m.a.RequestMappingHandlerMapping : Mapped "{[/hadChoose/top/{number}],methods=[POST]}" onto public org.springframework.http.ResponseEntity<?> com.wjx.web.common.BaseController.search(com.wjx.web.common.QueryParameter[],int) throws java.lang.Exception
2019-03-24 12:44:34.876  INFO 17500 --- [main] s.w.s.m.m.a.RequestMappingHandlerMapping : Mapped "{[/hadChoose/all/{page}],methods=[POST]}" onto public org.springframework.http.ResponseEntity<?> com.wjx.web.common.BaseController.search(com.wjx.web.common.QueryParameter[],java.lang.String,int) throws java.lang.Exception
2019-03-24 12:44:34.877  INFO 17500 --- [main] s.w.s.m.m.a.RequestMappingHandlerMapping : Mapped "{[/hadChoose/all/{page}],methods=[GET]}" onto public org.springframework.http.ResponseEntity<?> com.wjx.web.common.BaseController.search(java.lang.String,java.lang.String,java.lang.String,int) throws java.lang.Exception
2019-03-24 12:44:34.880  INFO 17500 --- [main] s.w.s.m.m.a.RequestMappingHandlerMapping : Mapped "{[/hadChoose],methods=[GET]}" onto public org.springframework.http.ResponseEntity<?> com.wjx.web.common.BaseController.selectById(java.lang.Long)
2019-03-24 12:44:34.882  INFO 17500 --- [main] s.w.s.m.m.a.RequestMappingHandlerMapping : Mapped "{[/hadChoose/all],methods=[DELETE]}" onto public org.springframework.http.ResponseEntity<?> com.wjx.web.common.BaseController.deleteAll()
2019-03-24 12:44:34.883  INFO 17500 --- [main] s.w.s.m.m.a.RequestMappingHandlerMapping : Mapped "{[/hadChoose/list],methods=[POST]}" onto public org.springframework.http.ResponseEntity<?> com.wjx.web.common.BaseController.post(java.util.List<T>)
2019-03-24 12:44:34.884  INFO 17500 --- [main] s.w.s.m.m.a.RequestMappingHandlerMapping : Mapped "{[/hadChoose],methods=[POST]}" onto public org.springframework.http.ResponseEntity<?> com.wjx.web.common.BaseController.post(T)
2019-03-24 12:44:34.889  INFO 17500 --- [main] s.w.s.m.m.a.RequestMappingHandlerMapping : Mapped "{[/student],methods=[PUT]}" onto public org.springframework.http.ResponseEntity<?> com.wjx.web.common.BaseController.put(T)
2019-03-24 12:44:34.891  INFO 17500 --- [main] s.w.s.m.m.a.RequestMappingHandlerMapping : Mapped "{[/student],methods=[DELETE]}" onto public org.springframework.http.ResponseEntity<?> com.wjx.web.common.BaseController.delete(com.wjx.web.common.QueryParameter[])
2019-03-24 12:44:34.892  INFO 17500 --- [main] s.w.s.m.m.a.RequestMappingHandlerMapping : Mapped "{[/student/{id}],methods=[DELETE]}" onto public org.springframework.http.ResponseEntity<?> com.wjx.web.common.BaseController.delete(java.lang.Long)
2019-03-24 12:44:34.893  INFO 17500 --- [main] s.w.s.m.m.a.RequestMappingHandlerMapping : Mapped "{[/student/top/{number}],methods=[POST]}" onto public org.springframework.http.ResponseEntity<?> com.wjx.web.common.BaseController.search(com.wjx.web.common.QueryParameter[],int) throws java.lang.Exception
2019-03-24 12:44:34.964  INFO 17500 --- [main] s.w.s.m.m.a.RequestMappingHandlerMapping : Mapped "{[/student/all/{page}],methods=[POST]}" onto public org.springframework.http.ResponseEntity<?> com.wjx.web.common.BaseController.search(com.wjx.web.common.QueryParameter[],java.lang.String,int) throws java.lang.Exception
2019-03-24 12:44:34.967  INFO 17500 --- [main] s.w.s.m.m.a.RequestMappingHandlerMapping : Mapped "{[/student/all/{page}],methods=[GET]}" onto public org.springframework.http.ResponseEntity<?> com.wjx.web.common.BaseController.search(java.lang.String,java.lang.String,java.lang.String,int) throws java.lang.Exception
2019-03-24 12:44:35.239  INFO 17500 --- [main] s.w.s.m.m.a.RequestMappingHandlerMapping : Mapped "{[/student],methods=[GET]}" onto public org.springframework.http.ResponseEntity<?> com.wjx.web.common.BaseController.selectById(java.lang.Long)
2019-03-24 12:44:35.240  INFO 17500 --- [main] s.w.s.m.m.a.RequestMappingHandlerMapping : Mapped "{[/student/all],methods=[DELETE]}" onto public org.springframework.http.ResponseEntity<?> com.wjx.web.common.BaseController.deleteAll()
2019-03-24 12:44:35.249  INFO 17500 --- [main] s.w.s.m.m.a.RequestMappingHandlerMapping : Mapped "{[/student/list],methods=[POST]}" onto public org.springframework.http.ResponseEntity<?> com.wjx.web.common.BaseController.post(java.util.List<T>)
2019-03-24 12:44:35.254  INFO 17500 --- [main] s.w.s.m.m.a.RequestMappingHandlerMapping : Mapped "{[/student],methods=[POST]}" onto public org.springframework.http.ResponseEntity<?> com.wjx.web.common.BaseController.post(T)
2019-03-24 12:44:35.270  INFO 17500 --- [main] s.w.s.m.m.a.RequestMappingHandlerMapping : Mapped "{[/teacher],methods=[PUT]}" onto public org.springframework.http.ResponseEntity<?> com.wjx.web.common.BaseController.put(T)
2019-03-24 12:44:35.272  INFO 17500 --- [main] s.w.s.m.m.a.RequestMappingHandlerMapping : Mapped "{[/teacher],methods=[DELETE]}" onto public org.springframework.http.ResponseEntity<?> com.wjx.web.common.BaseController.delete(com.wjx.web.common.QueryParameter[])
2019-03-24 12:44:35.274  INFO 17500 --- [main] s.w.s.m.m.a.RequestMappingHandlerMapping : Mapped "{[/teacher/{id}],methods=[DELETE]}" onto public org.springframework.http.ResponseEntity<?> com.wjx.web.common.BaseController.delete(java.lang.Long)
2019-03-24 12:44:35.275  INFO 17500 --- [main] s.w.s.m.m.a.RequestMappingHandlerMapping : Mapped "{[/teacher/top/{number}],methods=[POST]}" onto public org.springframework.http.ResponseEntity<?> com.wjx.web.common.BaseController.search(com.wjx.web.common.QueryParameter[],int) throws java.lang.Exception
2019-03-24 12:44:35.277  INFO 17500 --- [main] s.w.s.m.m.a.RequestMappingHandlerMapping : Mapped "{[/teacher/all/{page}],methods=[POST]}" onto public org.springframework.http.ResponseEntity<?> com.wjx.web.common.BaseController.search(com.wjx.web.common.QueryParameter[],java.lang.String,int) throws java.lang.Exception
2019-03-24 12:44:35.280  INFO 17500 --- [main] s.w.s.m.m.a.RequestMappingHandlerMapping : Mapped "{[/teacher/all/{page}],methods=[GET]}" onto public org.springframework.http.ResponseEntity<?> com.wjx.web.common.BaseController.search(java.lang.String,java.lang.String,java.lang.String,int) throws java.lang.Exception
2019-03-24 12:44:35.281  INFO 17500 --- [main] s.w.s.m.m.a.RequestMappingHandlerMapping : Mapped "{[/teacher],methods=[GET]}" onto public org.springframework.http.ResponseEntity<?> com.wjx.web.common.BaseController.selectById(java.lang.Long)
2019-03-24 12:44:35.282  INFO 17500 --- [main] s.w.s.m.m.a.RequestMappingHandlerMapping : Mapped "{[/teacher/all],methods=[DELETE]}" onto public org.springframework.http.ResponseEntity<?> com.wjx.web.common.BaseController.deleteAll()
2019-03-24 12:44:35.283  INFO 17500 --- [main] s.w.s.m.m.a.RequestMappingHandlerMapping : Mapped "{[/teacher/list],methods=[POST]}" onto public org.springframework.http.ResponseEntity<?> com.wjx.web.common.BaseController.post(java.util.List<T>)
2019-03-24 12:44:35.285  INFO 17500 --- [main] s.w.s.m.m.a.RequestMappingHandlerMapping : Mapped "{[/teacher],methods=[POST]}" onto public org.springframework.http.ResponseEntity<?> com.wjx.web.common.BaseController.post(T)
2019-03-24 12:44:35.292  INFO 17500 --- [main] s.w.s.m.m.a.RequestMappingHandlerMapping : Mapped "{[/swagger-resources/configuration/ui]}" onto public org.springframework.http.ResponseEntity<springfox.documentation.swagger.web.UiConfiguration> springfox.documentation.swagger.web.ApiResourceController.uiConfiguration()
2019-03-24 12:44:35.294  INFO 17500 --- [main] s.w.s.m.m.a.RequestMappingHandlerMapping : Mapped "{[/swagger-resources]}" onto public org.springframework.http.ResponseEntity<java.util.List<springfox.documentation.swagger.web.SwaggerResource>> springfox.documentation.swagger.web.ApiResourceController.swaggerResources()
2019-03-24 12:44:35.396  INFO 17500 --- [main] s.w.s.m.m.a.RequestMappingHandlerMapping : Mapped "{[/swagger-resources/configuration/security]}" onto public org.springframework.http.ResponseEntity<springfox.documentation.swagger.web.SecurityConfiguration> springfox.documentation.swagger.web.ApiResourceController.securityConfiguration()
2019-03-24 12:44:35.408  INFO 17500 --- [main] s.w.s.m.m.a.RequestMappingHandlerMapping : Mapped "{[/error]}" onto public org.springframework.http.ResponseEntity<java.util.Map<java.lang.String, java.lang.Object>> org.springframework.boot.autoconfigure.web.servlet.error.BasicErrorController.error(javax.servlet.http.HttpServletRequest)
2019-03-24 12:44:35.409  INFO 17500 --- [main] s.w.s.m.m.a.RequestMappingHandlerMapping : Mapped "{[/error],produces=[text/html]}" onto public org.springframework.web.servlet.ModelAndView org.springframework.boot.autoconfigure.web.servlet.error.BasicErrorController.errorHtml(javax.servlet.http.HttpServletRequest,javax.servlet.http.HttpServletResponse)
2019-03-24 12:44:36.956  INFO 17500 --- [main] pertySourcedRequestMappingHandlerMapping : Mapped URL path [/v2/api-docs] onto method [public org.springframework.http.ResponseEntity<springfox.documentation.spring.web.json.Json> springfox.documentation.swagger2.web.Swagger2Controller.getDocumentation(java.lang.String,javax.servlet.http.HttpServletRequest)]
2019-03-24 12:44:37.271  INFO 17500 --- [main] o.s.w.s.handler.SimpleUrlHandlerMapping  : Mapped URL path [/static/**] onto handler of type [class org.springframework.web.servlet.resource.ResourceHttpRequestHandler]
2019-03-24 12:44:37.272  INFO 17500 --- [main] o.s.w.s.handler.SimpleUrlHandlerMapping  : Mapped URL path [/swagger-ui.html] onto handler of type [class org.springframework.web.servlet.resource.ResourceHttpRequestHandler]
2019-03-24 12:44:37.272  INFO 17500 --- [main] o.s.w.s.handler.SimpleUrlHandlerMapping  : Mapped URL path [/webjars/**] onto handler of type [class org.springframework.web.servlet.resource.ResourceHttpRequestHandler]
2019-03-24 12:44:37.732  INFO 17500 --- [main] s.w.s.m.m.a.RequestMappingHandlerAdapter : Looking for @ControllerAdvice: org.springframework.web.context.support.GenericWebApplicationContext@6aa61224: startup date [Sun Mar 24 12:44:25 CST 2019]; root of context hierarchy
2019-03-24 12:44:44.795  INFO 17500 --- [main] o.s.ui.freemarker.SpringTemplateLoader   : SpringTemplateLoader for FreeMarker: using resource loader [org.springframework.web.context.support.GenericWebApplicationContext@6aa61224: startup date [Sun Mar 24 12:44:25 CST 2019]; root of context hierarchy] and template loader path [classpath:/templates/]
2019-03-24 12:44:44.827  INFO 17500 --- [main] o.s.w.s.v.f.FreeMarkerConfigurer         : ClassTemplateLoader for Spring macros added to FreeMarker configuration
2019-03-24 12:44:45.004  WARN 17500 --- [main] o.s.b.a.f.FreeMarkerAutoConfiguration    : Cannot find template location(s): [classpath:/templates/] (please add some templates, check your FreeMarker configuration, or set spring.freemarker.checkTemplateLocation=false)
2019-03-24 12:44:49.313  INFO 17500 --- [main] o.s.c.support.DefaultLifecycleProcessor  : Starting beans in phase 2147483647
2019-03-24 12:44:49.352  INFO 17500 --- [main] d.s.w.p.DocumentationPluginsBootstrapper : Context refreshed
2019-03-24 12:44:49.518  INFO 17500 --- [main] d.s.w.p.DocumentationPluginsBootstrapper : Found 1 custom documentation plugin(s)
2019-03-24 12:44:49.846  INFO 17500 --- [main] s.d.s.w.s.ApiListingReferenceScanner     : Scanning for api listing references
2019-03-24 12:44:50.351  INFO 17500 --- [main] .d.s.w.r.o.CachingOperationNameGenerator : Generating unique operation named: deleteUsingDELETE_1
2019-03-24 12:44:50.371  INFO 17500 --- [main] .d.s.w.r.o.CachingOperationNameGenerator : Generating unique operation named: postUsingPOST_1
2019-03-24 12:44:50.400  INFO 17500 --- [main] .d.s.w.r.o.CachingOperationNameGenerator : Generating unique operation named: searchUsingPOST_1
2019-03-24 12:44:50.464  INFO 17500 --- [main] .d.s.w.r.o.CachingOperationNameGenerator : Generating unique operation named: deleteUsingDELETE_2
2019-03-24 12:44:50.471  INFO 17500 --- [main] .d.s.w.r.o.CachingOperationNameGenerator : Generating unique operation named: deleteUsingDELETE_3
2019-03-24 12:44:50.480  INFO 17500 --- [main] .d.s.w.r.o.CachingOperationNameGenerator : Generating unique operation named: deleteAllUsingDELETE_1
2019-03-24 12:44:50.490  INFO 17500 --- [main] .d.s.w.r.o.CachingOperationNameGenerator : Generating unique operation named: postUsingPOST_2
2019-03-24 12:44:50.500  INFO 17500 --- [main] .d.s.w.r.o.CachingOperationNameGenerator : Generating unique operation named: postUsingPOST_3
2019-03-24 12:44:50.503  INFO 17500 --- [main] .d.s.w.r.o.CachingOperationNameGenerator : Generating unique operation named: putUsingPUT_1
2019-03-24 12:44:50.511  INFO 17500 --- [main] .d.s.w.r.o.CachingOperationNameGenerator : Generating unique operation named: searchUsingPOST_2
2019-03-24 12:44:50.550  INFO 17500 --- [main] .d.s.w.r.o.CachingOperationNameGenerator : Generating unique operation named: searchUsingGET_1
2019-03-24 12:44:50.554  INFO 17500 --- [main] .d.s.w.r.o.CachingOperationNameGenerator : Generating unique operation named: searchUsingPOST_3
2019-03-24 12:44:50.557  INFO 17500 --- [main] .d.s.w.r.o.CachingOperationNameGenerator : Generating unique operation named: selectByIdUsingGET_1
2019-03-24 12:44:50.563  INFO 17500 --- [main] .d.s.w.r.o.CachingOperationNameGenerator : Generating unique operation named: deleteUsingDELETE_4
2019-03-24 12:44:50.571  INFO 17500 --- [main] .d.s.w.r.o.CachingOperationNameGenerator : Generating unique operation named: deleteUsingDELETE_5
2019-03-24 12:44:50.576  INFO 17500 --- [main] .d.s.w.r.o.CachingOperationNameGenerator : Generating unique operation named: deleteAllUsingDELETE_2
2019-03-24 12:44:50.581  INFO 17500 --- [main] .d.s.w.r.o.CachingOperationNameGenerator : Generating unique operation named: postUsingPOST_4
2019-03-24 12:44:50.612  INFO 17500 --- [main] .d.s.w.r.o.CachingOperationNameGenerator : Generating unique operation named: postUsingPOST_5
2019-03-24 12:44:50.616  INFO 17500 --- [main] .d.s.w.r.o.CachingOperationNameGenerator : Generating unique operation named: putUsingPUT_2
2019-03-24 12:44:50.621  INFO 17500 --- [main] .d.s.w.r.o.CachingOperationNameGenerator : Generating unique operation named: searchUsingPOST_4
2019-03-24 12:44:50.625  INFO 17500 --- [main] .d.s.w.r.o.CachingOperationNameGenerator : Generating unique operation named: searchUsingGET_2
2019-03-24 12:44:50.629  INFO 17500 --- [main] .d.s.w.r.o.CachingOperationNameGenerator : Generating unique operation named: searchUsingPOST_5
2019-03-24 12:44:50.665  INFO 17500 --- [main] .d.s.w.r.o.CachingOperationNameGenerator : Generating unique operation named: selectByIdUsingGET_2
2019-03-24 12:44:50.677  INFO 17500 --- [main] .d.s.w.r.o.CachingOperationNameGenerator : Generating unique operation named: deleteUsingDELETE_6
2019-03-24 12:44:50.770  INFO 17500 --- [main] .d.s.w.r.o.CachingOperationNameGenerator : Generating unique operation named: deleteUsingDELETE_7
2019-03-24 12:44:50.774  INFO 17500 --- [main] .d.s.w.r.o.CachingOperationNameGenerator : Generating unique operation named: deleteAllUsingDELETE_3
2019-03-24 12:44:50.779  INFO 17500 --- [main] .d.s.w.r.o.CachingOperationNameGenerator : Generating unique operation named: postUsingPOST_6
2019-03-24 12:44:50.786  INFO 17500 --- [main] .d.s.w.r.o.CachingOperationNameGenerator : Generating unique operation named: postUsingPOST_7
2019-03-24 12:44:50.803  INFO 17500 --- [main] .d.s.w.r.o.CachingOperationNameGenerator : Generating unique operation named: putUsingPUT_3
2019-03-24 12:44:50.810  INFO 17500 --- [main] .d.s.w.r.o.CachingOperationNameGenerator : Generating unique operation named: searchUsingPOST_6
2019-03-24 12:44:50.818  INFO 17500 --- [main] .d.s.w.r.o.CachingOperationNameGenerator : Generating unique operation named: searchUsingGET_3
2019-03-24 12:44:50.825  INFO 17500 --- [main] .d.s.w.r.o.CachingOperationNameGenerator : Generating unique operation named: searchUsingPOST_7
2019-03-24 12:44:50.829  INFO 17500 --- [main] .d.s.w.r.o.CachingOperationNameGenerator : Generating unique operation named: selectByIdUsingGET_3
2019-03-24 12:44:51.118  INFO 17500 --- [main] com.wjx.demo.DemoApplicationTests        : Started DemoApplicationTests in 26.365 seconds (JVM running for 28.722)
2019-03-24 12:44:52.266  INFO 17500 --- [Thread-2] o.s.w.c.s.GenericWebApplicationContext   : Closing org.springframework.web.context.support.GenericWebApplicationContext@6aa61224: startup date [Sun Mar 24 12:44:25 CST 2019]; root of context hierarchy
2019-03-24 12:44:52.271  INFO 17500 --- [Thread-2] o.s.c.support.DefaultLifecycleProcessor  : Stopping beans in phase 2147483647
2019-03-24 12:44:52.498  INFO 17500 --- [Thread-2] com.alibaba.druid.pool.DruidDataSource   : {dataSource-1} closed
